<?xml version="1.0" encoding="UTF-8"?>
<!-- Generated by org.testng.reporters.JUnitXMLReporter -->
<testsuite hostname="DESKTOP-HP32715" ignored="0" name="testngTest" tests="1" failures="1" timestamp="26 Apr 2019 12:01:40 GMT" time="9.578" errors="0">
  <testcase name="noCommerceTitleTest" time="0.041" classname="ExtentReport.ExtentReportTesting">
    <failure type="java.lang.AssertionError" message="expected [eCommerce demo store] but found [nopCommerce demo store]">
      <![CDATA[java.lang.AssertionError: expected [eCommerce demo store] but found [nopCommerce demo store]
at ExtentReport.ExtentReportTesting.noCommerceTitleTest(ExtentReportTesting.java:83)
... Removed 31 stack frames]]>
    </failure>
  </testcase> <!-- noCommerceTitleTest -->
</testsuite> <!-- testngTest -->
